{
  "stats": {
    "suites": 1,
    "tests": 1,
    "passes": 1,
    "pending": 0,
    "failures": 0,
    "testsRegistered": 1,
    "passPercent": 100,
    "pendingPercent": 0,
    "other": 0,
    "hasOther": false,
    "skipped": 0,
    "hasSkipped": false,
    "start": "2025-06-04T19:42:38.038Z",
    "end": "2025-06-04T19:48:08.686Z",
    "duration": 330648
  },
  "results": [
    {
      "uuid": "740a2ee4-bdd3-4eb0-aa19-ee6ce9dc5262",
      "title": "",
      "fullFile": "cypress\\e2e\\Full Navigation.cy.js",
      "file": "cypress\\e2e\\Full Navigation.cy.js",
      "beforeHooks": [],
      "afterHooks": [],
      "tests": [],
      "suites": [
        {
          "uuid": "a4d8ea53-8595-4d40-8e85-a55a7060d91f",
          "title": "Navigate to All Sections Sequentially",
          "fullFile": "cypress\\e2e\\Full Navigation.cy.js",
          "file": "cypress\\e2e\\Full Navigation.cy.js",
          "beforeHooks": [],
          "afterHooks": [],
          "tests": [
            {
              "title": "Logs in and navigates through all sections with delays",
              "fullTitle": "Navigate to All Sections Sequentially Logs in and navigates through all sections with delays",
              "timedOut": null,
              "duration": 325504,
              "state": "passed",
              "speed": "slow",
              "pass": true,
              "fail": false,
              "pending": false,
              "context": null,
              "code": "cy.log('Visiting login page');\ncy.visit('https://idp.loyaltybeta.cxforge.com/auth/realms/shoutout-loyalty-system/protocol/openid-connect/auth?client_id=loyalty-admin-portal&redirect_uri=https%3A%2F%2Fadmin.loyaltybeta.cxforge.com%2Fmembers&response_mode=fragment&response_type=code&scope=openid');\ncy.log('Entering username and password');\ncy.get('input#username').type('dev+pns@getshoutout.com');\ncy.get('input#password').type('pns@1234', {\n  log: false\n});\ncy.get('input[type=\"submit\"]').click();\ncy.origin('https://admin.loyaltybeta.cxforge.com', () => {\n  cy.log('Verifying redirect to members page');\n  cy.url().should('include', '/members', {\n    timeout: 20000\n  });\n  cy.wait(5000);\n  cy.log('Navigating to Segments');\n  cy.contains('Segments').click();\n  cy.contains('Segments', {\n    timeout: 20000\n  }).should('be.visible');\n  cy.wait(5000);\n  cy.log('Navigating to Find Members');\n  cy.contains('Find Members').click();\n  cy.contains('Find Members').should('be.visible');\n  cy.wait(5000);\n  cy.log('Visiting Card Pool');\n  cy.visit('https://admin.loyaltybeta.cxforge.com/cards/pool');\n  cy.contains('Card Pool', {\n    timeout: 20000\n  }).should('be.visible');\n  cy.wait(10000);\n  cy.log('Navigating to Instant Cards');\n  cy.contains('Instant Cards').click();\n  cy.contains('Instant Cards').should('be.visible');\n  cy.wait(5000);\n  cy.log('Navigating to Digital Cards');\n  cy.contains('Digital Cards').click();\n  cy.contains('Digital Cards').should('be.visible');\n  cy.wait(5000);\n  cy.log('Navigating to Embossed Cards');\n  cy.contains('Embossed Cards').click();\n  cy.contains('Embossed Cards').should('be.visible');\n  cy.wait(5000);\n  cy.log('Navigating to Transactions');\n  cy.contains('Transactions').click();\n  cy.contains('Transactions').should('be.visible');\n  cy.wait(5000);\n  cy.log('Navigating to Transaction History');\n  cy.contains('Transaction History').click();\n  cy.contains('Transaction History').should('be.visible');\n  cy.wait(5000);\n  cy.log('Navigating to Import Transactions');\n  cy.contains('Import Transactions').click();\n  cy.contains('Import Transactions').should('be.visible');\n  cy.wait(5000);\n  cy.log('Navigating to Invalid Transactions');\n  cy.contains('Invalid Transactions').click();\n  cy.contains('Invalid Transactions').should('be.visible');\n  cy.wait(5000);\n  cy.log('Navigating to Redemptions');\n  cy.contains('Redemptions').click();\n  cy.contains('Redemptions').should('be.visible');\n  cy.wait(5000);\n  cy.log('Navigating to Rewards');\n  cy.contains('Rewards').click();\n  cy.contains('Rewards').should('be.visible');\n  cy.wait(5000);\n  cy.log('Navigating to Merchants');\n  cy.contains('Merchants').click();\n  cy.contains('Merchants').should('be.visible');\n  cy.wait(10000);\n  cy.log('Navigating to Point Rules');\n  cy.contains('Point Rules').click();\n  cy.contains('Point Rules').should('be.visible');\n  cy.wait(5000);\n  cy.log('Navigating to Non Transactional Rules');\n  cy.contains('Non Transactional Rules').click();\n  cy.contains('Non Transactional Rules').should('be.visible');\n  cy.wait(5000);\n  cy.log('Navigating to Affinity Groups');\n  cy.contains('Affinity Groups').click();\n  cy.contains('Affinity Groups').should('be.visible');\n  cy.wait(5000);\n  cy.log('Navigating to Tiers');\n  cy.contains('Tiers').click();\n  cy.contains('Tiers').should('be.visible');\n  cy.wait(5000);\n  cy.log('Navigating to Fraudulence');\n  cy.contains('Fraudulence').click();\n  cy.contains('Fraudulence').should('be.visible');\n  cy.wait(5000);\n  cy.log('Navigating to Fraud Prevention');\n  cy.contains('Fraud Prevention').click();\n  cy.contains('Fraud Prevention').should('be.visible');\n  cy.wait(5000);\n  cy.log('Navigating to Fraud Rules');\n  cy.contains('Fraud Rules').click();\n  cy.contains('Fraud Rules').should('be.visible');\n  cy.wait(5000);\n  cy.log('Navigating to Audit Logs');\n  cy.contains('Audit Logs').click();\n  cy.contains('Audit Logs').should('be.visible');\n  cy.wait(5000);\n  cy.log('Navigating to Global');\n  cy.contains('Global').click();\n  cy.contains('Global').should('be.visible');\n  cy.wait(5000);\n  cy.log('Navigating to Charity List');\n  cy.contains('Charity List').click();\n  cy.contains('Charity List').should('be.visible');\n  cy.wait(5000);\n  cy.log('Visiting Message Logs');\n  cy.visit('https://admin.loyaltybeta.cxforge.com/notifications/message-logs');\n  cy.contains('Message Logs', {\n    timeout: 20000\n  }).should('be.visible');\n  cy.wait(10000);\n  cy.log('Navigating to Notification Logs');\n  cy.contains('Notification Logs').click();\n  cy.contains('Notification Logs').should('be.visible');\n  cy.wait(5000);\n  cy.log('Navigating to Templates');\n  cy.contains('Templates').click();\n  cy.contains('Templates').should('be.visible');\n  cy.wait(5000);\n  cy.log('Navigating to Campaigns');\n  cy.contains('Campaigns').click();\n  cy.contains('Campaigns').should('be.visible');\n  cy.wait(5000);\n  cy.log('Navigating to Email');\n  cy.contains('Email').click();\n  cy.contains('Email').should('be.visible');\n  cy.wait(5000);\n  cy.log('Navigating to SMS');\n  cy.contains('SMS').click();\n  cy.contains('SMS').should('be.visible');\n  cy.wait(5000);\n  cy.log('Visiting Analytics Members');\n  cy.visit('https://admin.loyaltybeta.cxforge.com/analytics/members');\n  cy.contains('Members', {\n    timeout: 20000\n  }).should('be.visible');\n  cy.wait(10000);\n  cy.log('Navigating to Points');\n  cy.contains('Points').click();\n  cy.contains('Points').should('be.visible');\n  cy.wait(5000);\n  cy.log('Navigating to Rewards');\n  cy.contains('Rewards').click();\n  cy.contains('Rewards').should('be.visible');\n  cy.wait(5000);\n  cy.log('Navigating to Cards');\n  cy.contains('Cards').click();\n  cy.contains('Cards').should('be.visible');\n  cy.wait(5000);\n  cy.log('Navigating to Tiers');\n  cy.contains('Tiers').click();\n  cy.contains('Tiers').should('be.visible');\n  cy.wait(5000);\n  cy.log('Navigating to Merchants');\n  cy.contains('Merchants').click();\n  cy.contains('Merchants').should('be.visible');\n  cy.wait(5000);\n  cy.log('Navigating to Jobs');\n  cy.contains('Jobs').click();\n  cy.contains('Jobs').should('be.visible');\n  cy.wait(5000);\n  cy.log('Visiting Access Control');\n  cy.visit('https://admin.loyaltybeta.cxforge.com/control-panel/access-control');\n  cy.contains('Access Control', {\n    timeout: 20000\n  }).should('be.visible');\n  cy.wait(10000);\n  cy.log('Navigating to Group Management');\n  cy.contains('Group Management').click();\n  cy.contains('Group Management').should('be.visible');\n  cy.wait(5000);\n  cy.log('Navigating to Integration Management');\n  cy.contains('Integration Management').click();\n  cy.contains('Integration Management').should('be.visible');\n  cy.wait(5000);\n  cy.log('Navigating to Settings');\n  cy.contains('Settings').click();\n  cy.contains('Settings').should('be.visible');\n  cy.wait(5000);\n});",
              "err": {},
              "uuid": "70d0db46-7f78-4f8b-82e0-612a7962ddde",
              "parentUUID": "a4d8ea53-8595-4d40-8e85-a55a7060d91f",
              "isHook": false,
              "skipped": false
            }
          ],
          "suites": [],
          "passes": [
            "70d0db46-7f78-4f8b-82e0-612a7962ddde"
          ],
          "failures": [],
          "pending": [],
          "skipped": [],
          "duration": 325504,
          "root": false,
          "rootEmpty": false,
          "_timeout": 2000
        }
      ],
      "passes": [],
      "failures": [],
      "pending": [],
      "skipped": [],
      "duration": 0,
      "root": true,
      "rootEmpty": true,
      "_timeout": 2000
    }
  ],
  "meta": {
    "mocha": {
      "version": "7.2.0"
    },
    "mochawesome": {
      "options": {
        "quiet": false,
        "reportFilename": "mochawesome",
        "saveHtml": false,
        "saveJson": true,
        "consoleReporter": "spec",
        "useInlineDiffs": false,
        "code": true
      },
      "version": "7.1.3"
    },
    "marge": {
      "options": {
        "reportDir": "cypress\\results\\.jsons",
        "overwrite": false,
        "html": false,
        "json": true,
        "saveJson": true,
        "charts": true,
        "reportPageTitle": "Cypress Report",
        "embeddedScreenshots": true,
        "inlineAssets": true,
        "showHooks": "always",
        "includeStdErr": true,
        "timestamp": "mm/dd/yyyy, hh:mm:ss TT",
        "quiet": false
      },
      "version": "6.2.0"
    }
  }
}