{
  "stats": {
    "suites": 1,
    "tests": 1,
    "passes": 1,
    "pending": 0,
    "failures": 0,
    "start": "2025-05-25T18:08:39.685Z",
    "end": "2025-05-25T18:13:51.926Z",
    "duration": 312241,
    "testsRegistered": 1,
    "passPercent": 100,
    "pendingPercent": 0,
    "other": 0,
    "hasOther": false,
    "skipped": 0,
    "hasSkipped": false
  },
  "results": [
    {
      "uuid": "5d610a89-cfa3-45fe-bd02-b624521cc438",
      "title": "",
      "fullFile": "cypress\\e2e\\Full Navigation.cy.js",
      "file": "cypress\\e2e\\Full Navigation.cy.js",
      "beforeHooks": [],
      "afterHooks": [],
      "tests": [],
      "suites": [
        {
          "uuid": "615dc02d-fcbd-4300-8420-d5d35c785e1c",
          "title": "Navigate to All Sections Sequentially",
          "fullFile": "",
          "file": "",
          "beforeHooks": [],
          "afterHooks": [],
          "tests": [
            {
              "title": "Logs in and navigates through all sections with delays",
              "fullTitle": "Navigate to All Sections Sequentially Logs in and navigates through all sections with delays",
              "timedOut": null,
              "duration": 307881,
              "state": "passed",
              "speed": "slow",
              "pass": true,
              "fail": false,
              "pending": false,
              "context": null,
              "code": "cy.visit('https://idp.loyaltybeta.cxforge.com/auth/realms/shoutout-loyalty-system/protocol/openid-connect/auth?client_id=loyalty-admin-portal&redirect_uri=https%3A%2F%2Fadmin.loyaltybeta.cxforge.com%2Fmembers&response_mode=fragment&response_type=code&scope=openid');\ncy.get('input#username').type('dev+pns@getshoutout.com');\ncy.get('input#password').type('pns@1234', {\n  log: false\n});\ncy.get('input[type=\"submit\"]').click();\ncy.origin('https://admin.loyaltybeta.cxforge.com', () => {\n  cy.url().should('include', '/members', {\n    timeout: 20000\n  });\n  cy.wait(5000);\n  cy.contains('Segments').click();\n  cy.contains('Segments').should('be.visible');\n  cy.wait(5000);\n  cy.contains('Find Members').click();\n  cy.contains('Find Members').should('be.visible');\n  cy.wait(5000);\n  cy.visit('https://admin.loyaltybeta.cxforge.com/cards/pool');\n  cy.contains('Card Pool', {\n    timeout: 20000\n  }).should('be.visible');\n  cy.wait(10000);\n  cy.contains('Instant Cards').click();\n  cy.contains('Instant Cards').should('be.visible');\n  cy.wait(5000);\n  cy.contains('Digital Cards').click();\n  cy.contains('Digital Cards').should('be.visible');\n  cy.wait(5000);\n  cy.contains('Embossed Cards').click();\n  cy.contains('Embossed Cards').should('be.visible');\n  cy.wait(5000);\n  // Transactions\n  cy.contains('Transactions').click();\n  cy.contains('Transactions').should('be.visible');\n  cy.wait(5000);\n  cy.contains('Transaction History').click();\n  cy.contains('Transaction History').should('be.visible');\n  cy.wait(5000);\n  cy.contains('Import Transactions').click();\n  cy.contains('Import Transactions').should('be.visible');\n  cy.wait(5000);\n  cy.contains('Invalid Transactions').click();\n  cy.contains('Invalid Transactions').should('be.visible');\n  cy.wait(5000);\n  // Redemptions\n  cy.contains('Redemptions').click();\n  cy.contains('Redemptions').should('be.visible');\n  cy.wait(5000);\n  cy.contains('Rewards').click();\n  cy.contains('Rewards').should('be.visible');\n  cy.wait(5000);\n  // Merchants\n  cy.contains('Merchants').click();\n  cy.contains('Merchants').should('be.visible');\n  cy.wait(10000);\n  // Point Rules\n  cy.contains('Point Rules').click();\n  cy.contains('Point Rules').should('be.visible');\n  cy.wait(5000);\n  cy.contains('Non Transactional Rules').click();\n  cy.contains('Non Transactional Rules').should('be.visible');\n  cy.wait(5000);\n  // Affinity Gruops\n  cy.contains('Affinity Groups').click();\n  cy.contains('Affinity Groups').should('be.visible');\n  cy.wait(5000);\n  // Tiers\n  cy.contains('Tiers').click();\n  cy.contains('Tiers').should('be.visible');\n  cy.wait(5000);\n  // Fraudulence\n  cy.contains('Fraudulence').click();\n  cy.contains('Fraudulence').should('be.visible');\n  cy.wait(5000);\n  cy.contains('Fraud Prevention').click();\n  cy.contains('Fraud Prevention').should('be.visible');\n  cy.wait(5000);\n  cy.contains('Fraud Rules').click();\n  cy.contains('Fraud Rules').should('be.visible');\n  cy.wait(5000);\n  cy.contains('Audit Logs').click();\n  cy.contains('Audit Logs').should('be.visible');\n  cy.wait(5000);\n  cy.contains('Global').click();\n  cy.contains('Global').should('be.visible');\n  cy.wait(5000);\n  // Charity List\n  cy.contains('Charity List').click();\n  cy.contains('Charity List').should('be.visible');\n  cy.visit('https://admin.loyaltybeta.cxforge.com/notifications/message-logs');\n  cy.contains('Message Logs', {\n    timeout: 20000\n  }).should('be.visible');\n  cy.wait(10000);\n  cy.contains('Notification Logs').click();\n  cy.contains('Notification Logs').should('be.visible');\n  cy.wait(5000);\n  cy.contains('Templates').click();\n  cy.contains('Templates').should('be.visible');\n  cy.wait(5000);\n  cy.contains('Campaigns').click();\n  cy.contains('Campaigns').should('be.visible');\n  cy.wait(5000);\n  cy.contains('Email').click();\n  cy.contains('Email').should('be.visible');\n  cy.wait(5000);\n  cy.contains('SMS').click();\n  cy.contains('SMS').should('be.visible');\n  cy.wait(5000);\n  cy.visit('https://admin.loyaltybeta.cxforge.com/analytics/members');\n  cy.contains('Members', {\n    timeout: 20000\n  }).should('be.visible');\n  cy.wait(10000);\n  cy.contains('Points').click();\n  cy.contains('Points').should('be.visible');\n  cy.wait(5000);\n  cy.contains('Rewards').click();\n  cy.contains('Rewards').should('be.visible');\n  cy.wait(5000);\n  cy.contains('Cards').click();\n  cy.contains('Cards').should('be.visible');\n  cy.wait(5000);\n  cy.contains('Tiers').click();\n  cy.contains('Tiers').should('be.visible');\n  cy.wait(5000);\n  cy.contains('Merchants').click();\n  cy.contains('Merchants').should('be.visible');\n  cy.wait(5000);\n  cy.contains('Jobs').click();\n  cy.contains('Jobs').should('be.visible');\n  cy.wait(5000);\n  cy.visit('https://admin.loyaltybeta.cxforge.com/control-panel/access-control');\n  cy.contains('Access Control', {\n    timeout: 20000\n  }).should('be.visible');\n  cy.wait(10000);\n  cy.contains('Group Management').click();\n  cy.contains('Group Management').should('be.visible');\n  cy.wait(5000);\n  cy.contains('Integration Management').click();\n  cy.contains('Integration Management').should('be.visible');\n  cy.wait(5000);\n  cy.contains('Settings').click();\n  cy.contains('Settings').should('be.visible');\n  cy.wait(5000);\n});",
              "err": {},
              "uuid": "75581c25-17c4-4cbb-be5c-535a40c3f742",
              "parentUUID": "615dc02d-fcbd-4300-8420-d5d35c785e1c",
              "isHook": false,
              "skipped": false
            }
          ],
          "suites": [],
          "passes": [
            "75581c25-17c4-4cbb-be5c-535a40c3f742"
          ],
          "failures": [],
          "pending": [],
          "skipped": [],
          "duration": 307881,
          "root": false,
          "rootEmpty": false,
          "_timeout": 2000
        }
      ],
      "passes": [],
      "failures": [],
      "pending": [],
      "skipped": [],
      "duration": 0,
      "root": true,
      "rootEmpty": true,
      "_timeout": 2000
    }
  ],
  "meta": {
    "mocha": {
      "version": "7.2.0"
    },
    "mochawesome": {
      "options": {
        "quiet": false,
        "reportFilename": "mochawesome",
        "saveHtml": false,
        "saveJson": true,
        "consoleReporter": "spec",
        "useInlineDiffs": false,
        "code": true
      },
      "version": "7.1.3"
    },
    "marge": {
      "options": {
        "reportDir": "cypress/results",
        "overwrite": false,
        "html": false,
        "json": true
      },
      "version": "6.2.0"
    }
  }
}